Started at Wed Mar 02 02:03:22 UTC 2022
Processing C-project
Offering C-project to Project Build Discarder
Processing deploy job
Offering deploy job to Project Build Discarder
Processing java-1
Offering java-1 to Project Build Discarder
Processing java-p
Offering java-p to Project Build Discarder
Finished at Wed Mar 02 02:03:22 UTC 2022. 4ms
Started at Wed Mar 02 03:03:22 UTC 2022
Processing C-project
Offering C-project to Project Build Discarder
Processing deploy job
Offering deploy job to Project Build Discarder
Processing java-1
Offering java-1 to Project Build Discarder
Processing java-p
Offering java-p to Project Build Discarder
Finished at Wed Mar 02 03:03:22 UTC 2022. 1ms
Started at Wed Mar 02 04:03:22 UTC 2022
Processing C-project
Offering C-project to Project Build Discarder
Processing deploy job
Offering deploy job to Project Build Discarder
Processing java-1
Offering java-1 to Project Build Discarder
Processing java-p
Offering java-p to Project Build Discarder
Finished at Wed Mar 02 04:03:22 UTC 2022. 0ms
Started at Wed Mar 02 05:03:22 UTC 2022
Processing C-project
Offering C-project to Project Build Discarder
Processing deploy job
Offering deploy job to Project Build Discarder
Processing java-1
Offering java-1 to Project Build Discarder
Processing java-p
Offering java-p to Project Build Discarder
Finished at Wed Mar 02 05:03:22 UTC 2022. 2ms
